C:\DATA\DROPBOX\TEACHING\COMPUTER GRAPHICS\CODE\HW1\FREEGLUT\LIB\X86\DEBUG\FREEGLUT_STATIC.LIB
C:\Data\Dropbox\Teaching\Computer Graphics\Code\HW1\freeglut\VisualStudio\2010\build\Debug\Win32_v100\cl.command.1.tlog
C:\Data\Dropbox\Teaching\Computer Graphics\Code\HW1\freeglut\VisualStudio\2010\build\Debug\Win32_v100\CL.read.1.tlog
C:\Data\Dropbox\Teaching\Computer Graphics\Code\HW1\freeglut\VisualStudio\2010\build\Debug\Win32_v100\CL.write.1.tlog
C:\DATA\DROPBOX\TEACHING\COMPUTER GRAPHICS\CODE\HW1\FREEGLUT\VISUALSTUDIO\2010\BUILD\DEBUG\WIN32_V100\FREEGLUT.RES
C:\Data\Dropbox\Teaching\Computer Graphics\Code\HW1\freeglut\VisualStudio\2010\build\Debug\Win32_v100\freeglut.vcxprojResolveAssemblyReference.cache
C:\Data\Dropbox\Teaching\Computer Graphics\Code\HW1\freeglut\VisualStudio\2010\build\Debug\Win32_v100\freeglut.write.1.tlog
C:\DATA\DROPBOX\TEACHING\COMPUTER GRAPHICS\CODE\HW1\FREEGLUT\VISUALSTUDIO\2010\BUILD\DEBUG\WIN32_V100\FREEGLUT_CALLBACKS.OBJ
C:\DATA\DROPBOX\TEACHING\COMPUTER GRAPHICS\CODE\HW1\FREEGLUT\VISUALSTUDIO\2010\BUILD\DEBUG\WIN32_V100\FREEGLUT_CURSOR.OBJ
C:\DATA\DROPBOX\TEACHING\COMPUTER GRAPHICS\CODE\HW1\FREEGLUT\VISUALSTUDIO\2010\BUILD\DEBUG\WIN32_V100\FREEGLUT_DISPLAY.OBJ
C:\DATA\DROPBOX\TEACHING\COMPUTER GRAPHICS\CODE\HW1\FREEGLUT\VISUALSTUDIO\2010\BUILD\DEBUG\WIN32_V100\FREEGLUT_EXT.OBJ
C:\DATA\DROPBOX\TEACHING\COMPUTER GRAPHICS\CODE\HW1\FREEGLUT\VISUALSTUDIO\2010\BUILD\DEBUG\WIN32_V100\FREEGLUT_FONT.OBJ
C:\DATA\DROPBOX\TEACHING\COMPUTER GRAPHICS\CODE\HW1\FREEGLUT\VISUALSTUDIO\2010\BUILD\DEBUG\WIN32_V100\FREEGLUT_FONT_DATA.OBJ
C:\DATA\DROPBOX\TEACHING\COMPUTER GRAPHICS\CODE\HW1\FREEGLUT\VISUALSTUDIO\2010\BUILD\DEBUG\WIN32_V100\FREEGLUT_GAMEMODE.OBJ
C:\DATA\DROPBOX\TEACHING\COMPUTER GRAPHICS\CODE\HW1\FREEGLUT\VISUALSTUDIO\2010\BUILD\DEBUG\WIN32_V100\FREEGLUT_GEOMETRY.OBJ
C:\DATA\DROPBOX\TEACHING\COMPUTER GRAPHICS\CODE\HW1\FREEGLUT\VISUALSTUDIO\2010\BUILD\DEBUG\WIN32_V100\FREEGLUT_GLUTFONT_DEFINITIONS.OBJ
C:\DATA\DROPBOX\TEACHING\COMPUTER GRAPHICS\CODE\HW1\FREEGLUT\VISUALSTUDIO\2010\BUILD\DEBUG\WIN32_V100\FREEGLUT_INIT.OBJ
C:\DATA\DROPBOX\TEACHING\COMPUTER GRAPHICS\CODE\HW1\FREEGLUT\VISUALSTUDIO\2010\BUILD\DEBUG\WIN32_V100\FREEGLUT_INPUT_DEVICES.OBJ
C:\DATA\DROPBOX\TEACHING\COMPUTER GRAPHICS\CODE\HW1\FREEGLUT\VISUALSTUDIO\2010\BUILD\DEBUG\WIN32_V100\FREEGLUT_JOYSTICK.OBJ
C:\DATA\DROPBOX\TEACHING\COMPUTER GRAPHICS\CODE\HW1\FREEGLUT\VISUALSTUDIO\2010\BUILD\DEBUG\WIN32_V100\FREEGLUT_MAIN.OBJ
C:\DATA\DROPBOX\TEACHING\COMPUTER GRAPHICS\CODE\HW1\FREEGLUT\VISUALSTUDIO\2010\BUILD\DEBUG\WIN32_V100\FREEGLUT_MENU.OBJ
C:\DATA\DROPBOX\TEACHING\COMPUTER GRAPHICS\CODE\HW1\FREEGLUT\VISUALSTUDIO\2010\BUILD\DEBUG\WIN32_V100\FREEGLUT_MISC.OBJ
C:\DATA\DROPBOX\TEACHING\COMPUTER GRAPHICS\CODE\HW1\FREEGLUT\VISUALSTUDIO\2010\BUILD\DEBUG\WIN32_V100\FREEGLUT_OVERLAY.OBJ
C:\DATA\DROPBOX\TEACHING\COMPUTER GRAPHICS\CODE\HW1\FREEGLUT\VISUALSTUDIO\2010\BUILD\DEBUG\WIN32_V100\FREEGLUT_SPACEBALL.OBJ
C:\DATA\DROPBOX\TEACHING\COMPUTER GRAPHICS\CODE\HW1\FREEGLUT\VISUALSTUDIO\2010\BUILD\DEBUG\WIN32_V100\FREEGLUT_STATE.OBJ
C:\DATA\DROPBOX\TEACHING\COMPUTER GRAPHICS\CODE\HW1\FREEGLUT\VISUALSTUDIO\2010\BUILD\DEBUG\WIN32_V100\FREEGLUT_STROKE_MONO_ROMAN.OBJ
C:\DATA\DROPBOX\TEACHING\COMPUTER GRAPHICS\CODE\HW1\FREEGLUT\VISUALSTUDIO\2010\BUILD\DEBUG\WIN32_V100\FREEGLUT_STROKE_ROMAN.OBJ
C:\DATA\DROPBOX\TEACHING\COMPUTER GRAPHICS\CODE\HW1\FREEGLUT\VISUALSTUDIO\2010\BUILD\DEBUG\WIN32_V100\FREEGLUT_STRUCTURE.OBJ
C:\DATA\DROPBOX\TEACHING\COMPUTER GRAPHICS\CODE\HW1\FREEGLUT\VISUALSTUDIO\2010\BUILD\DEBUG\WIN32_V100\FREEGLUT_TEAPOT.OBJ
C:\DATA\DROPBOX\TEACHING\COMPUTER GRAPHICS\CODE\HW1\FREEGLUT\VISUALSTUDIO\2010\BUILD\DEBUG\WIN32_V100\FREEGLUT_VIDEORESIZE.OBJ
C:\DATA\DROPBOX\TEACHING\COMPUTER GRAPHICS\CODE\HW1\FREEGLUT\VISUALSTUDIO\2010\BUILD\DEBUG\WIN32_V100\FREEGLUT_WINDOW.OBJ
C:\Data\Dropbox\Teaching\Computer Graphics\Code\HW1\freeglut\VisualStudio\2010\build\Debug\Win32_v100\lib.command.1.tlog
C:\Data\Dropbox\Teaching\Computer Graphics\Code\HW1\freeglut\VisualStudio\2010\build\Debug\Win32_v100\Lib-link.read.1.tlog
C:\Data\Dropbox\Teaching\Computer Graphics\Code\HW1\freeglut\VisualStudio\2010\build\Debug\Win32_v100\Lib-link.write.1.tlog
C:\Data\Dropbox\Teaching\Computer Graphics\Code\HW1\freeglut\VisualStudio\2010\build\Debug\Win32_v100\Lib-link-cvtres.read.1.tlog
C:\Data\Dropbox\Teaching\Computer Graphics\Code\HW1\freeglut\VisualStudio\2010\build\Debug\Win32_v100\Lib-link-cvtres.write.1.tlog
C:\Data\Dropbox\Teaching\Computer Graphics\Code\HW1\freeglut\VisualStudio\2010\build\Debug\Win32_v100\rc.command.1.tlog
C:\Data\Dropbox\Teaching\Computer Graphics\Code\HW1\freeglut\VisualStudio\2010\build\Debug\Win32_v100\rc.read.1.tlog
C:\Data\Dropbox\Teaching\Computer Graphics\Code\HW1\freeglut\VisualStudio\2010\build\Debug\Win32_v100\rc.write.1.tlog
C:\Data\Dropbox\Teaching\Computer Graphics\Code\HW1\freeglut\VisualStudio\2010\build\Debug\Win32_v100\vc100.idb
C:\DATA\DROPBOX\TEACHING\COMPUTER GRAPHICS\CODE\HW1\FREEGLUT\VISUALSTUDIO\2010\BUILD\DEBUG\WIN32_V100\VC100.PDB
D:\DROPBOX\TEACHING\COMPUTER GRAPHICS\CODE\HW1\FREEGLUT\LIB\X86\DEBUG\FREEGLUT_STATIC.LIB
D:\DROPBOX\TEACHING\COMPUTER GRAPHICS\CODE\HW1\FREEGLUT\VISUALSTUDIO\2010\BUILD\DEBUG\WIN32_V100\FREEGLUT.RES
D:\DROPBOX\TEACHING\COMPUTER GRAPHICS\CODE\HW1\FREEGLUT\VISUALSTUDIO\2010\BUILD\DEBUG\WIN32_V100\FREEGLUT_CALLBACKS.OBJ
D:\DROPBOX\TEACHING\COMPUTER GRAPHICS\CODE\HW1\FREEGLUT\VISUALSTUDIO\2010\BUILD\DEBUG\WIN32_V100\FREEGLUT_CURSOR.OBJ
D:\DROPBOX\TEACHING\COMPUTER GRAPHICS\CODE\HW1\FREEGLUT\VISUALSTUDIO\2010\BUILD\DEBUG\WIN32_V100\FREEGLUT_DISPLAY.OBJ
D:\DROPBOX\TEACHING\COMPUTER GRAPHICS\CODE\HW1\FREEGLUT\VISUALSTUDIO\2010\BUILD\DEBUG\WIN32_V100\FREEGLUT_EXT.OBJ
D:\DROPBOX\TEACHING\COMPUTER GRAPHICS\CODE\HW1\FREEGLUT\VISUALSTUDIO\2010\BUILD\DEBUG\WIN32_V100\FREEGLUT_FONT.OBJ
D:\DROPBOX\TEACHING\COMPUTER GRAPHICS\CODE\HW1\FREEGLUT\VISUALSTUDIO\2010\BUILD\DEBUG\WIN32_V100\FREEGLUT_FONT_DATA.OBJ
D:\DROPBOX\TEACHING\COMPUTER GRAPHICS\CODE\HW1\FREEGLUT\VISUALSTUDIO\2010\BUILD\DEBUG\WIN32_V100\FREEGLUT_GAMEMODE.OBJ
D:\DROPBOX\TEACHING\COMPUTER GRAPHICS\CODE\HW1\FREEGLUT\VISUALSTUDIO\2010\BUILD\DEBUG\WIN32_V100\FREEGLUT_GEOMETRY.OBJ
D:\DROPBOX\TEACHING\COMPUTER GRAPHICS\CODE\HW1\FREEGLUT\VISUALSTUDIO\2010\BUILD\DEBUG\WIN32_V100\FREEGLUT_GLUTFONT_DEFINITIONS.OBJ
D:\DROPBOX\TEACHING\COMPUTER GRAPHICS\CODE\HW1\FREEGLUT\VISUALSTUDIO\2010\BUILD\DEBUG\WIN32_V100\FREEGLUT_INIT.OBJ
D:\DROPBOX\TEACHING\COMPUTER GRAPHICS\CODE\HW1\FREEGLUT\VISUALSTUDIO\2010\BUILD\DEBUG\WIN32_V100\FREEGLUT_INPUT_DEVICES.OBJ
D:\DROPBOX\TEACHING\COMPUTER GRAPHICS\CODE\HW1\FREEGLUT\VISUALSTUDIO\2010\BUILD\DEBUG\WIN32_V100\FREEGLUT_JOYSTICK.OBJ
D:\DROPBOX\TEACHING\COMPUTER GRAPHICS\CODE\HW1\FREEGLUT\VISUALSTUDIO\2010\BUILD\DEBUG\WIN32_V100\FREEGLUT_MAIN.OBJ
D:\DROPBOX\TEACHING\COMPUTER GRAPHICS\CODE\HW1\FREEGLUT\VISUALSTUDIO\2010\BUILD\DEBUG\WIN32_V100\FREEGLUT_MENU.OBJ
D:\DROPBOX\TEACHING\COMPUTER GRAPHICS\CODE\HW1\FREEGLUT\VISUALSTUDIO\2010\BUILD\DEBUG\WIN32_V100\FREEGLUT_MISC.OBJ
D:\DROPBOX\TEACHING\COMPUTER GRAPHICS\CODE\HW1\FREEGLUT\VISUALSTUDIO\2010\BUILD\DEBUG\WIN32_V100\FREEGLUT_OVERLAY.OBJ
D:\DROPBOX\TEACHING\COMPUTER GRAPHICS\CODE\HW1\FREEGLUT\VISUALSTUDIO\2010\BUILD\DEBUG\WIN32_V100\FREEGLUT_SPACEBALL.OBJ
D:\DROPBOX\TEACHING\COMPUTER GRAPHICS\CODE\HW1\FREEGLUT\VISUALSTUDIO\2010\BUILD\DEBUG\WIN32_V100\FREEGLUT_STATE.OBJ
D:\DROPBOX\TEACHING\COMPUTER GRAPHICS\CODE\HW1\FREEGLUT\VISUALSTUDIO\2010\BUILD\DEBUG\WIN32_V100\FREEGLUT_STROKE_MONO_ROMAN.OBJ
D:\DROPBOX\TEACHING\COMPUTER GRAPHICS\CODE\HW1\FREEGLUT\VISUALSTUDIO\2010\BUILD\DEBUG\WIN32_V100\FREEGLUT_STROKE_ROMAN.OBJ
D:\DROPBOX\TEACHING\COMPUTER GRAPHICS\CODE\HW1\FREEGLUT\VISUALSTUDIO\2010\BUILD\DEBUG\WIN32_V100\FREEGLUT_STRUCTURE.OBJ
D:\DROPBOX\TEACHING\COMPUTER GRAPHICS\CODE\HW1\FREEGLUT\VISUALSTUDIO\2010\BUILD\DEBUG\WIN32_V100\FREEGLUT_TEAPOT.OBJ
D:\DROPBOX\TEACHING\COMPUTER GRAPHICS\CODE\HW1\FREEGLUT\VISUALSTUDIO\2010\BUILD\DEBUG\WIN32_V100\FREEGLUT_VIDEORESIZE.OBJ
D:\DROPBOX\TEACHING\COMPUTER GRAPHICS\CODE\HW1\FREEGLUT\VISUALSTUDIO\2010\BUILD\DEBUG\WIN32_V100\FREEGLUT_WINDOW.OBJ
D:\DROPBOX\TEACHING\COMPUTER GRAPHICS\CODE\HW1\FREEGLUT\VISUALSTUDIO\2010\BUILD\DEBUG\WIN32_V100\VC100.PDB
