Build started 11/5/2015 12:01:25 PM.
     1>Project "D:\Google Drive\Eden & Ben\Computer Graphics\Ben\HW1\CG\CG.vcxproj" on node 2 (Build target(s)).
     1>ClCompile:
         C:\Program Files (x86)\Microsoft Visual Studio 14.0\VC\bin\CL.exe /c /I..\ /ZI /nologo /W3 /WX- /Od /Oy- /D FREEGLUT_STATIC /D WIN32 /D _DEBUG /D _CONSOLE /D _UNICODE /D UNICODE /Gm /EHsc /RTC1 /MDd /GS /fp:precise /Zc:wchar_t /Zc:forScope /Zc:inline /Fo"Debug\\" /Fd"Debug\vc140.pdb" /Gd /TP /analyze- /errorReport:prompt Line.cpp Main.cpp
         Line.cpp
         Generating Code...
     1>d:\google drive\eden & ben\computer graphics\ben\hw1\cg\line.cpp(144): warning C4715: 'Line::HelpGetLineType': not all control paths return a value
         Skipping... (no relevant changes detected)
         Main.cpp
       Link:
         C:\Program Files (x86)\Microsoft Visual Studio 14.0\VC\bin\link.exe /ERRORREPORT:PROMPT /OUT:"D:\Google Drive\Eden & Ben\Computer Graphics\Ben\HW1\Debug\CG.exe" /INCREMENTAL /NOLOGO /LIBPATH:..\AntTweakBar\lib /LIBPATH:..\Glew\lib /LIBPATH:..\freeglut\lib\x86\Debug AntTweakBar.lib freeglut_static.lib glew32.lib kernel32.lib user32.lib gdi32.lib winspool.lib comdlg32.lib advapi32.lib shell32.lib ole32.lib oleaut32.lib uuid.lib odbc32.lib odbccp32.lib /MANIFEST /MANIFESTUAC:"level='asInvoker' uiAccess='false'" /manifest:embed /Debug /PDB:"D:\Google Drive\Eden & Ben\Computer Graphics\Ben\HW1\Debug\CG.pdb" /SUBSYSTEM:CONSOLE /TLBID:1 /DYNAMICBASE /NXCOMPAT /IMPLIB:"D:\Google Drive\Eden & Ben\Computer Graphics\Ben\HW1\Debug\CG.lib" /MACHINE:X86 /SAFESEH Debug\wavefront_obj.obj
         Debug\Coordinate.obj
         Debug\Line.obj
         Debug\Main.obj
         Debug\Renderer.obj
         Debug\Utils.obj
         CG.vcxproj -> D:\Google Drive\Eden & Ben\Computer Graphics\Ben\HW1\Debug\CG.exe
     1>Done Building Project "D:\Google Drive\Eden & Ben\Computer Graphics\Ben\HW1\CG\CG.vcxproj" (Build target(s)).

Build succeeded.

Time Elapsed 00:00:03.20
